<?xml version="1.0" encoding="UTF-8"?>
<!-- Generated by org.testng.reporters.JUnitXMLReporter -->
<testsuite ignored="0" hostname="LAPTOP-61H1A1R7" failures="0" tests="7" name="Default test" time="33.385" errors="0" timestamp="2025-04-08T21:55:04 IST">
  <testcase classname="karmaYogi.AverageResponseTime" name="measurePageLoadTime" time="23.71"/>
  <testcase classname="karmaYogi.AverageResponseTime" name="measurePageLoadTime" time="23.713"/>
  <testcase classname="karmaYogi.AverageResponseTime" name="measurePageLoadTime" time="23.992"/>
  <testcase classname="karmaYogi.AverageResponseTime" name="measurePageLoadTime" time="24.033"/>
  <testcase classname="karmaYogi.AverageResponseTime" name="measurePageLoadTime" time="26.844"/>
  <testcase classname="karmaYogi.AverageResponseTime" name="measurePageLoadTime" time="9.506"/>
  <testcase classname="karmaYogi.AverageResponseTime" name="measurePageLoadTime" time="9.562"/>
</testsuite> <!-- Default test -->
