<?xml version="1.0" encoding="UTF-8"?>
<!-- Generated by org.testng.reporters.JUnitXMLReporter -->
<testsuite ignored="0" hostname="LAPTOP-61H1A1R7" failures="0" tests="5" name="Test" time="16.933" errors="0" timestamp="2025-04-08T11:40:38 IST">
  <testcase classname="karmaYogi.AverageResponseTime" name="measurePageLoadTime" time="16.312"/>
  <testcase classname="karmaYogi.AverageResponseTime" name="measurePageLoadTime" time="16.537"/>
  <testcase classname="karmaYogi.AverageResponseTime" name="measurePageLoadTime" time="16.721"/>
  <testcase classname="karmaYogi.AverageResponseTime" name="measurePageLoadTime" time="16.775"/>
  <testcase classname="karmaYogi.AverageResponseTime" name="measurePageLoadTime" time="16.831"/>
</testsuite> <!-- Test -->
