<?xml version="1.0" encoding="UTF-8"?>
<!-- Generated by org.testng.reporters.JUnitXMLReporter -->
<testsuite ignored="0" hostname="LAPTOP-61H1A1R7" failures="0" tests="5" name="Test" time="29.248" errors="0" timestamp="2025-04-08T00:02:23 IST">
  <testcase classname="karmaYogi.AverageResponseTime" name="measurePageLoadTime" time="29.025"/>
  <testcase classname="karmaYogi.AverageResponseTime" name="measurePageLoadTime" time="29.025"/>
  <testcase classname="karmaYogi.AverageResponseTime" name="measurePageLoadTime" time="29.031"/>
  <testcase classname="karmaYogi.AverageResponseTime" name="measurePageLoadTime" time="29.037"/>
  <testcase classname="karmaYogi.AverageResponseTime" name="measurePageLoadTime" time="29.149"/>
</testsuite> <!-- Test -->
