<?xml version="1.0" encoding="UTF-8"?>
<testng-results ignored="0" total="5" passed="5" failed="0" skipped="0">
  <reporter-output>
  </reporter-output>
  <suite started-at="2025-04-08T00:27:23 IST" name="Default suite" finished-at="2025-04-08T00:27:51 IST" duration-ms="27659">
    <groups>
    </groups>
    <test started-at="2025-04-08T00:27:23 IST" name="Default test" finished-at="2025-04-08T00:27:51 IST" duration-ms="27659">
      <class name="karmaYogi.AverageResponseTime">
        <test-method signature="measurePageLoadTime()[pri:0, instance:karmaYogi.AverageResponseTime@38d8f54a]" started-at="2025-04-08T00:27:23 IST" name="measurePageLoadTime" finished-at="2025-04-08T00:27:49 IST" duration-ms="25576" status="PASS">
          <reporter-output>
          </reporter-output>
        </test-method> <!-- measurePageLoadTime -->
        <test-method signature="measurePageLoadTime()[pri:0, instance:karmaYogi.AverageResponseTime@38d8f54a]" started-at="2025-04-08T00:27:23 IST" name="measurePageLoadTime" finished-at="2025-04-08T00:27:51 IST" duration-ms="27519" status="PASS">
          <reporter-output>
          </reporter-output>
        </test-method> <!-- measurePageLoadTime -->
        <test-method signature="measurePageLoadTime()[pri:0, instance:karmaYogi.AverageResponseTime@38d8f54a]" started-at="2025-04-08T00:27:23 IST" name="measurePageLoadTime" finished-at="2025-04-08T00:27:51 IST" duration-ms="27563" status="PASS">
          <reporter-output>
          </reporter-output>
        </test-method> <!-- measurePageLoadTime -->
        <test-method signature="measurePageLoadTime()[pri:0, instance:karmaYogi.AverageResponseTime@38d8f54a]" started-at="2025-04-08T00:27:23 IST" name="measurePageLoadTime" finished-at="2025-04-08T00:27:51 IST" duration-ms="27461" status="PASS">
          <reporter-output>
          </reporter-output>
        </test-method> <!-- measurePageLoadTime -->
        <test-method signature="measurePageLoadTime()[pri:0, instance:karmaYogi.AverageResponseTime@38d8f54a]" started-at="2025-04-08T00:27:23 IST" name="measurePageLoadTime" finished-at="2025-04-08T00:27:49 IST" duration-ms="26038" status="PASS">
          <reporter-output>
          </reporter-output>
        </test-method> <!-- measurePageLoadTime -->
      </class> <!-- karmaYogi.AverageResponseTime -->
    </test> <!-- Default test -->
  </suite> <!-- Default suite -->
</testng-results>
